#
# A fatal error has been detected by the Java Runtime Environment:
#
#  SIGSEGV (0xb) at pc=0x00000001236ee33b, pid=56869, tid=0x0000000000013f87
#
# JRE version: Java(TM) SE Runtime Environment (8.0_112-b16) (build 1.8.0_112-b16)
# Java VM: Java HotSpot(TM) 64-Bit Server VM (25.112-b16 mixed mode bsd-amd64 compressed oops)
# Problematic frame:
# C  [libawt_lwawt.dylib+0x1c33b]  OGLSD_SetScratchSurface+0x49
#
# Failed to write core dump. Core dumps have been disabled. To enable core dumping, try "ulimit -c unlimited" before starting Java again
#
# If you would like to submit a bug report, please visit:
#   http://bugreport.java.com/bugreport/crash.jsp
# The crash happened outside the Java Virtual Machine in native code.
# See problematic frame for where to report the bug.
#

---------------  T H R E A D  ---------------

Current thread (0x00007faad6c3c000):  JavaThread "Java2D Queue Flusher" daemon [_thread_in_native, id=81799, stack(0x00007000111da000,0x00007000112da000)]

siginfo: si_signo: 11 (SIGSEGV), si_code: 1 (SEGV_MAPERR), si_addr: 0x0000000000000002

Registers:
RAX=0x00000000ffffffff, RBX=0x0000000000000002, RCX=0x0000000000000047, RDX=0x000000012370f4f0
RSP=0x00007000112d9770, RBP=0x00007000112d9790, RSI=0x00007faac641c350, RDI=0x00007faad6c3c1f8
R8 =0x00007faad6405948, R9 =0xffffffff00000000, R10=0x0000000106f781b8, R11=0x00000000d802365d
R12=0x0000000000000000, R13=0x00000001264efca8, R14=0x00007faad6c3c1f8, R15=0x00007faad6c3c000
RIP=0x00000001236ee33b, EFLAGS=0x0000000000010202, ERR=0x0000000000000004
  TRAPNO=0x000000000000000e

Top of Stack: (sp=0x00007000112d9770)
0x00007000112d9770:   00007faac641c350 0000000000000000
0x00007000112d9780:   00007faad6c49610 00007faad6c3c000
0x00007000112d9790:   00007000112d9810 000000012370efce
0x00007000112d97a0:   00007000112d97d0 0000000105db4980
0x00007000112d97b0:   0000000000000064 0000000000000000
0x00007000112d97c0:   0000000000000064 00007faad6405378
0x00007000112d97d0:   00007000112d9830 00007faad6c49620
0x00007000112d97e0:   0000000000000005 00007faad6c3c1f8
0x00007000112d97f0:   00000006c011b2d0 0000000000000000
0x00007000112d9800:   00007000112d9760 00007faad6c3c000
0x00007000112d9810:   00007000112d9860 0000000106f7822a
0x00007000112d9820:   00000006c011b2d0 00007faad6c3c000
0x00007000112d9830:   00007000112d9880 0000000106d71728
0x00007000112d9840:   00000006c0043fd0 00007000112d9870
0x00007000112d9850:   000000011f148ea8 0000000000000001
0x00007000112d9860:   00000006c011b2d0 00000001087d7750
0x00007000112d9870:   00000006c011b2d0 0000000000000206
0x00007000112d9880:   00007000112d99d0 0000000106f5be24
0x00007000112d9890:   0000000000000041 00000001264ea050
0x00007000112d98a0:   0000000000000000 0000700000000000
0x00007000112d98b0:   00000000000000dc 0000000000000000
0x00007000112d98c0:   00007000112d9968 00007faad6c3c000
0x00007000112d98d0:   00007000112d9940 000000010683fb8c
0x00007000112d98e0:   00000001068272bd 0000000100000000
0x00007000112d98f0:   00000006c0043fd0 00000006c0043fd0
0x00007000112d9900:   0000700000000000 0000000106f5b0d0
0x00007000112d9910:   00007000112d9968 00000001264ea8b0
0x00007000112d9920:   0000000000000001 00000006c0043fd0
0x00007000112d9930:   0000000000000000 00007000112d9968
0x00007000112d9940:   00007000112d99d0 000000010681f7a7
0x00007000112d9950:   00007000112d99d0 000000010681f7a7
0x00007000112d9960:   0000000000000000 00000006c0043fd0 

Instructions: (pc=0x00000001236ee33b)
0x00000001236ee31b:   c0 e9 82 00 00 00 48 8b 5e 10 48 85 db 75 0e bf
0x00000001236ee32b:   01 00 00 00 48 8d 15 14 7f 03 00 eb d6 49 89 fe
0x00000001236ee33b:   4c 8b 3b 30 c0 e8 dd a9 02 00 49 8b 3f 49 89 c4
0x00000001236ee34b:   48 8b 35 0e 04 06 00 30 c0 e8 2b ab 02 00 48 85 

Register to memory mapping:

RAX=0x00000000ffffffff is an unknown value
RBX=0x0000000000000002 is an unknown value
RCX=0x0000000000000047 is an unknown value
RDX=0x000000012370f4f0: Java_sun_java2d_opengl_OGLRenderQueue_flushBuffer+0xb5c in /Library/Java/JavaVirtualMachines/jdk1.8.0_112.jdk/Contents/Home/jre/lib/libawt_lwawt.dylib at 0x00000001236d2000
RSP=0x00007000112d9770 is pointing into the stack for thread: 0x00007faad6c3c000
RBP=0x00007000112d9790 is pointing into the stack for thread: 0x00007faad6c3c000
RSI=0x00007faac641c350 is an unknown value
RDI=0x00007faad6c3c1f8 is an unknown value
R8 =0x00007faad6405948 is an unknown value
R9 =0xffffffff00000000 is an unknown value
R10=0x0000000106f781b8 is at entry_point+56 in (nmethod*)0x0000000106f78010
R11=0x00000000d802365d is an unknown value
R12=0x0000000000000000 is an unknown value
R13={method} {0x00000001264efca8} 'initFBObject' '(JZZZII)Z' in 'sun/java2d/opengl/OGLSurfaceData'
R14=0x00007faad6c3c1f8 is an unknown value
R15=0x00007faad6c3c000 is a thread


Stack: [0x00007000111da000,0x00007000112da000],  sp=0x00007000112d9770,  free space=1021k
Native frames: (J=compiled Java code, j=interpreted, Vv=VM code, C=native code)
C  [libawt_lwawt.dylib+0x1c33b]  OGLSD_SetScratchSurface+0x49
C  [libawt_lwawt.dylib+0x3cfce]  Java_sun_java2d_opengl_OGLRenderQueue_flushBuffer+0x63a
J 5144  sun.java2d.opengl.OGLRenderQueue.flushBuffer(JI)V (0 bytes) @ 0x0000000106f7822a [0x0000000106f78180+0xaa]
J 11850 C2 sun.java2d.opengl.OGLRenderQueue.flushBuffer()V (41 bytes) @ 0x00000001087d7750 [0x00000001087d7700+0x50]
J 11778% C1 sun.java2d.opengl.OGLRenderQueue$QueueFlusher.run()V (234 bytes) @ 0x0000000106f5be24 [0x0000000106f5b460+0x9c4]
v  ~StubRoutines::call_stub
V  [libjvm.dylib+0x2edbd2]  JavaCalls::call_helper(JavaValue*, methodHandle*, JavaCallArguments*, Thread*)+0x6ae
V  [libjvm.dylib+0x2ee360]  JavaCalls::call_virtual(JavaValue*, KlassHandle, Symbol*, Symbol*, JavaCallArguments*, Thread*)+0x164
V  [libjvm.dylib+0x2ee50c]  JavaCalls::call_virtual(JavaValue*, Handle, KlassHandle, Symbol*, Symbol*, Thread*)+0x4a
V  [libjvm.dylib+0x348c59]  thread_entry(JavaThread*, Thread*)+0x7c
V  [libjvm.dylib+0x56b033]  JavaThread::thread_main_inner()+0x9b
V  [libjvm.dylib+0x56c720]  JavaThread::run()+0x1c2
V  [libjvm.dylib+0x48a7ae]  java_start(Thread*)+0xf6
C  [libsystem_pthread.dylib+0x3661]  _pthread_body+0x154
C  [libsystem_pthread.dylib+0x350d]  _pthread_body+0x0
C  [libsystem_pthread.dylib+0x2bf9]  thread_start+0xd
C  0x0000000000000000

Java frames: (J=compiled Java code, j=interpreted, Vv=VM code)
J 5144  sun.java2d.opengl.OGLRenderQueue.flushBuffer(JI)V (0 bytes) @ 0x0000000106f781b8 [0x0000000106f78180+0x38]
J 11850 C2 sun.java2d.opengl.OGLRenderQueue.flushBuffer()V (41 bytes) @ 0x00000001087d7750 [0x00000001087d7700+0x50]
J 11778% C1 sun.java2d.opengl.OGLRenderQueue$QueueFlusher.run()V (234 bytes) @ 0x0000000106f5be24 [0x0000000106f5b460+0x9c4]
v  ~StubRoutines::call_stub

---------------  P R O C E S S  ---------------

Java Threads: ( => current thread )
  0x00007faad906f000 JavaThread "Image Fetcher 0" daemon [_thread_blocked, id=69171, stack(0x000070001191d000,0x0000700011a1d000)]
  0x00007faad7734000 JavaThread "NanoOffset" daemon [_thread_blocked, id=64787, stack(0x0000700011797000,0x0000700011897000)]
  0x00007faad9902000 JavaThread "DestroyJavaVM" [_thread_blocked, id=9475, stack(0x000070000f989000,0x000070000fa89000)]
  0x00007faad7a2b800 JavaThread "TimerQueue" daemon [_thread_blocked, id=70459, stack(0x0000700011669000,0x0000700011769000)]
  0x00007faad847e800 JavaThread "AWT-EventQueue-0" [_thread_blocked, id=56339, stack(0x0000700011566000,0x0000700011666000)]
  0x00007faad6c5c000 JavaThread "Java2D Disposer" daemon [_thread_blocked, id=76811, stack(0x00007000112dd000,0x00007000113dd000)]
=>0x00007faad6c3c000 JavaThread "Java2D Queue Flusher" daemon [_thread_in_native, id=81799, stack(0x00007000111da000,0x00007000112da000)]
  0x00007faad798e800 JavaThread "AWT-Shutdown" [_thread_blocked, id=28459, stack(0x0000700010dc5000,0x0000700010ec5000)]
  0x00007faad6b4c000 JavaThread "AppKit Thread" daemon [_thread_in_native, id=775, stack(0x00007ffeeb498000,0x00007ffeebc98000)]
  0x00007faad838c000 JavaThread "Timer-0" daemon [_thread_blocked, id=21763, stack(0x0000700010cc2000,0x0000700010dc2000)]
  0x00007faad680c800 JavaThread "Service Thread" daemon [_thread_blocked, id=14595, stack(0x0000700010abc000,0x0000700010bbc000)]
  0x00007faad7814800 JavaThread "C1 CompilerThread3" daemon [_thread_blocked, id=14339, stack(0x00007000109b9000,0x0000700010ab9000)]
  0x00007faad7028000 JavaThread "C2 CompilerThread2" daemon [_thread_blocked, id=14083, stack(0x00007000108b6000,0x00007000109b6000)]
  0x00007faad681a800 JavaThread "C2 CompilerThread1" daemon [_thread_blocked, id=16387, stack(0x00007000107b3000,0x00007000108b3000)]
  0x00007faad8021000 JavaThread "C2 CompilerThread0" daemon [_thread_in_native, id=16643, stack(0x00007000106b0000,0x00007000107b0000)]
  0x00007faad8020800 JavaThread "Signal Dispatcher" daemon [_thread_blocked, id=17159, stack(0x00007000105ad000,0x00007000106ad000)]
  0x00007faad8007000 JavaThread "Finalizer" daemon [_thread_blocked, id=18947, stack(0x00007000104aa000,0x00007000105aa000)]
  0x00007faad8004000 JavaThread "Reference Handler" daemon [_thread_blocked, id=19203, stack(0x00007000103a7000,0x00007000104a7000)]

Other Threads:
  0x00007faad7051800 VMThread [stack: 0x00007000102a4000,0x00007000103a4000] [id=19715]
  0x00007faad682d800 WatcherThread [stack: 0x0000700010bbf000,0x0000700010cbf000] [id=14851]

VM state:not at safepoint (normal execution)

VM Mutex/Monitor currently owned by a thread: None

Heap:
 PSYoungGen      total 368128K, used 48217K [0x000000076ab00000, 0x0000000785d00000, 0x00000007c0000000)
  eden space 328704K, 2% used [0x000000076ab00000,0x000000076b3caf88,0x000000077ec00000)
  from space 39424K, 99% used [0x0000000780c80000,0x00000007832cb5a0,0x0000000783300000)
  to   space 43008K, 0% used [0x0000000783300000,0x0000000783300000,0x0000000785d00000)
 ParOldGen       total 121344K, used 46487K [0x00000006c0000000, 0x00000006c7680000, 0x000000076ab00000)
  object space 121344K, 38% used [0x00000006c0000000,0x00000006c2d65c88,0x00000006c7680000)
 Metaspace       used 57990K, capacity 59310K, committed 59648K, reserved 1099776K
  class space    used 7947K, capacity 8321K, committed 8448K, reserved 1048576K

Card table byte_map: [0x000000011581f000,0x0000000116020000] byte_map_base: 0x000000011221f000

Marking Bits: (ParMarkBitMap*) 0x000000010616dd30
 Begin Bits: [0x0000000116576000, 0x000000011a576000)
 End Bits:   [0x000000011a576000, 0x000000011e576000)

Polling page: 0x000000010405f000

CodeCache: size=245760Kb used=33072Kb max_used=33091Kb free=212687Kb
 bounds [0x000000010681f000, 0x00000001088af000, 0x000000011581f000]
 total_blobs=10455 nmethods=9655 adapters=707
 compilation: enabled

Compilation events (10 events):
Event: 3897.358 Thread 0x00007faad7814800 nmethod 12215 0x000000010889cfd0 code [0x000000010889d2a0, 0x000000010889e958]
Event: 3897.358 Thread 0x00007faad7814800 12216   !   3       java.awt.FlowLayout::minimumLayoutSize (281 bytes)
Event: 3897.358 Thread 0x00007faad7028000 nmethod 12208 0x000000010889f510 code [0x000000010889f6e0, 0x00000001088a0590]
Event: 3897.360 Thread 0x00007faad7814800 nmethod 12216 0x000000010889b310 code [0x000000010889b560, 0x000000010889c688]
Event: 3897.360 Thread 0x00007faad7814800 12217       3       javax.swing.JTable::adjustSizes (109 bytes)
Event: 3897.360 Thread 0x00007faad7814800 nmethod 12217 0x0000000108899bd0 code [0x0000000108899e00, 0x000000010889ab18]
Event: 3897.457 Thread 0x00007faad7814800 12218       3       java.util.zip.ZipFile::finalize (5 bytes)
Event: 3897.457 Thread 0x00007faad7814800 nmethod 12218 0x00000001088865d0 code [0x0000000108886740, 0x0000000108886948]
Event: 3897.459 Thread 0x00007faad7814800 12219       3       com.apple.laf.AquaUtils::paintDropShadowText (56 bytes)
Event: 3897.459 Thread 0x00007faad7814800 nmethod 12219 0x00000001088a0c90 code [0x00000001088a0e60, 0x00000001088a1428]

GC Heap History (10 events):
Event: 1614.437 GC heap before
{Heap before GC invocations=27 (full 8):
 PSYoungGen      total 384512K, used 30339K [0x000000076ab00000, 0x0000000787680000, 0x00000007c0000000)
  eden space 353792K, 0% used [0x000000076ab00000,0x000000076ab00000,0x0000000780480000)
  from space 30720K, 98% used [0x0000000780480000,0x0000000782220c78,0x0000000782280000)
  to   space 58368K, 0% used [0x0000000783d80000,0x0000000783d80000,0x0000000787680000)
 ParOldGen       total 121344K, used 44732K [0x00000006c0000000, 0x00000006c7680000, 0x000000076ab00000)
  object space 121344K, 36% used [0x00000006c0000000,0x00000006c2baf350,0x00000006c7680000)
 Metaspace       used 57094K, capacity 58372K, committed 58496K, reserved 1099776K
  class space    used 7907K, capacity 8278K, committed 8320K, reserved 1048576K
Event: 1614.559 GC heap after
Heap after GC invocations=27 (full 8):
 PSYoungGen      total 384512K, used 0K [0x000000076ab00000, 0x0000000787680000, 0x00000007c0000000)
  eden space 353792K, 0% used [0x000000076ab00000,0x000000076ab00000,0x0000000780480000)
  from space 30720K, 0% used [0x0000000780480000,0x0000000780480000,0x0000000782280000)
  to   space 58368K, 0% used [0x0000000783d80000,0x0000000783d80000,0x0000000787680000)
 ParOldGen       total 121344K, used 46463K [0x00000006c0000000, 0x00000006c7680000, 0x000000076ab00000)
  object space 121344K, 38% used [0x00000006c0000000,0x00000006c2d5fc88,0x00000006c7680000)
 Metaspace       used 57094K, capacity 58372K, committed 58496K, reserved 1099776K
  class space    used 7907K, capacity 8278K, committed 8320K, reserved 1048576K
}
Event: 1634.099 GC heap before
{Heap before GC invocations=28 (full 8):
 PSYoungGen      total 384512K, used 353430K [0x000000076ab00000, 0x0000000787680000, 0x00000007c0000000)
  eden space 353792K, 99% used [0x000000076ab00000,0x0000000780425930,0x0000000780480000)
  from space 30720K, 0% used [0x0000000780480000,0x0000000780480000,0x0000000782280000)
  to   space 58368K, 0% used [0x0000000783d80000,0x0000000783d80000,0x0000000787680000)
 ParOldGen       total 121344K, used 46463K [0x00000006c0000000, 0x00000006c7680000, 0x000000076ab00000)
  object space 121344K, 38% used [0x00000006c0000000,0x00000006c2d5fc88,0x00000006c7680000)
 Metaspace       used 57125K, capacity 58436K, committed 58496K, reserved 1099776K
  class space    used 7908K, capacity 8278K, committed 8320K, reserved 1048576K
Event: 1634.114 GC heap after
Heap after GC invocations=28 (full 8):
 PSYoungGen      total 414208K, used 22088K [0x000000076ab00000, 0x0000000789000000, 0x00000007c0000000)
  eden space 355840K, 0% used [0x000000076ab00000,0x000000076ab00000,0x0000000780680000)
  from space 58368K, 37% used [0x0000000783d80000,0x0000000785312368,0x0000000787680000)
  to   space 56320K, 0% used [0x0000000780680000,0x0000000780680000,0x0000000783d80000)
 ParOldGen       total 121344K, used 46471K [0x00000006c0000000, 0x00000006c7680000, 0x000000076ab00000)
  object space 121344K, 38% used [0x00000006c0000000,0x00000006c2d61c88,0x00000006c7680000)
 Metaspace       used 57125K, capacity 58436K, committed 58496K, reserved 1099776K
  class space    used 7908K, capacity 8278K, committed 8320K, reserved 1048576K
}
Event: 1653.829 GC heap before
{Heap before GC invocations=29 (full 8):
 PSYoungGen      total 414208K, used 375349K [0x000000076ab00000, 0x0000000789000000, 0x00000007c0000000)
  eden space 355840K, 99% used [0x000000076ab00000,0x00000007803fb490,0x0000000780680000)
  from space 58368K, 37% used [0x0000000783d80000,0x0000000785312368,0x0000000787680000)
  to   space 56320K, 0% used [0x0000000780680000,0x0000000780680000,0x0000000783d80000)
 ParOldGen       total 121344K, used 46471K [0x00000006c0000000, 0x00000006c7680000, 0x000000076ab00000)
  object space 121344K, 38% used [0x00000006c0000000,0x00000006c2d61c88,0x00000006c7680000)
 Metaspace       used 57144K, capacity 58500K, committed 58752K, reserved 1099776K
  class space    used 7908K, capacity 8278K, committed 8320K, reserved 1048576K
Event: 1653.834 GC heap after
Heap after GC invocations=29 (full 8):
 PSYoungGen      total 412160K, used 23122K [0x000000076ab00000, 0x0000000788800000, 0x00000007c0000000)
  eden space 355840K, 0% used [0x000000076ab00000,0x000000076ab00000,0x0000000780680000)
  from space 56320K, 41% used [0x0000000780680000,0x0000000781d14950,0x0000000783d80000)
  to   space 54272K, 0% used [0x0000000785300000,0x0000000785300000,0x0000000788800000)
 ParOldGen       total 121344K, used 46471K [0x00000006c0000000, 0x00000006c7680000, 0x000000076ab00000)
  object space 121344K, 38% used [0x00000006c0000000,0x00000006c2d61c88,0x00000006c7680000)
 Metaspace       used 57144K, capacity 58500K, committed 58752K, reserved 1099776K
  class space    used 7908K, capacity 8278K, committed 8320K, reserved 1048576K
}
Event: 3248.990 GC heap before
{Heap before GC invocations=30 (full 8):
 PSYoungGen      total 412160K, used 378104K [0x000000076ab00000, 0x0000000788800000, 0x00000007c0000000)
  eden space 355840K, 99% used [0x000000076ab00000,0x00000007805a97d0,0x0000000780680000)
  from space 56320K, 41% used [0x0000000780680000,0x0000000781d14950,0x0000000783d80000)
  to   space 54272K, 0% used [0x0000000785300000,0x0000000785300000,0x0000000788800000)
 ParOldGen       total 121344K, used 46471K [0x00000006c0000000, 0x00000006c7680000, 0x000000076ab00000)
  object space 121344K, 38% used [0x00000006c0000000,0x00000006c2d61c88,0x00000006c7680000)
 Metaspace       used 57773K, capacity 59098K, committed 59264K, reserved 1099776K
  class space    used 7946K, capacity 8319K, committed 8320K, reserved 1048576K
Event: 3249.049 GC heap after
Heap after GC invocations=30 (full 8):
 PSYoungGen      total 382464K, used 40282K [0x000000076ab00000, 0x0000000787a80000, 0x00000007c0000000)
  eden space 342016K, 0% used [0x000000076ab00000,0x000000076ab00000,0x000000077f900000)
  from space 40448K, 99% used [0x0000000785300000,0x0000000787a569f0,0x0000000787a80000)
  to   space 56320K, 0% used [0x0000000780c80000,0x0000000780c80000,0x0000000784380000)
 ParOldGen       total 121344K, used 46479K [0x00000006c0000000, 0x00000006c7680000, 0x000000076ab00000)
  object space 121344K, 38% used [0x00000006c0000000,0x00000006c2d63c88,0x00000006c7680000)
 Metaspace       used 57773K, capacity 59098K, committed 59264K, reserved 1099776K
  class space    used 7946K, capacity 8319K, committed 8320K, reserved 1048576K
}
Event: 3897.361 GC heap before
{Heap before GC invocations=31 (full 8):
 PSYoungGen      total 382464K, used 382298K [0x000000076ab00000, 0x0000000787a80000, 0x00000007c0000000)
  eden space 342016K, 100% used [0x000000076ab00000,0x000000077f900000,0x000000077f900000)
  from space 40448K, 99% used [0x0000000785300000,0x0000000787a569f0,0x0000000787a80000)
  to   space 56320K, 0% used [0x0000000780c80000,0x0000000780c80000,0x0000000784380000)
 ParOldGen       total 121344K, used 46479K [0x00000006c0000000, 0x00000006c7680000, 0x000000076ab00000)
  object space 121344K, 38% used [0x00000006c0000000,0x00000006c2d63c88,0x00000006c7680000)
 Metaspace       used 57990K, capacity 59310K, committed 59648K, reserved 1099776K
  class space    used 7947K, capacity 8321K, committed 8448K, reserved 1048576K
Event: 3897.440 GC heap after
Heap after GC invocations=31 (full 8):
 PSYoungGen      total 368128K, used 39213K [0x000000076ab00000, 0x0000000785d00000, 0x00000007c0000000)
  eden space 328704K, 0% used [0x000000076ab00000,0x000000076ab00000,0x000000077ec00000)
  from space 39424K, 99% used [0x0000000780c80000,0x00000007832cb5a0,0x0000000783300000)
  to   space 43008K, 0% used [0x0000000783300000,0x0000000783300000,0x0000000785d00000)
 ParOldGen       total 121344K, used 46487K [0x00000006c0000000, 0x00000006c7680000, 0x000000076ab00000)
  object space 121344K, 38% used [0x00000006c0000000,0x00000006c2d65c88,0x00000006c7680000)
 Metaspace       used 57990K, capacity 59310K, committed 59648K, reserved 1099776K
  class space    used 7947K, capacity 8321K, committed 8448K, reserved 1048576K
}

Deoptimization events (10 events):
Event: 3897.138 Thread 0x00007faad847e800 Uncommon trap: reason=unstable_if action=reinterpret pc=0x0000000107ff1644 method=javax.swing.tree.DefaultTreeModel.getPathToRoot(Ljavax/swing/tree/TreeNode;I)[Ljavax/swing/tree/TreeNode; @ 1
Event: 3897.224 Thread 0x00007faad847e800 Uncommon trap: reason=unstable_if action=reinterpret pc=0x0000000106eed668 method=javax.swing.tree.DefaultTreeCellRenderer.getFont()Ljava/awt/Font; @ 6
Event: 3897.224 Thread 0x00007faad847e800 Uncommon trap: reason=bimorphic action=maybe_recompile pc=0x000000010860d11c method=javax.swing.plaf.basic.BasicTreeUI$NodeDimensionsHandler.getNodeDimensions(Ljava/lang/Object;IIZLjava/awt/Rectangle;)Ljava/awt/Rectangle; @ 185
Event: 3897.227 Thread 0x00007faad847e800 Uncommon trap: reason=predicate action=maybe_recompile pc=0x000000010813f7a8 method=java.util.Collections.addAll(Ljava/util/Collection;[Ljava/lang/Object;)Z @ 18
Event: 3897.267 Thread 0x00007faad847e800 Uncommon trap: reason=unstable_if action=reinterpret pc=0x0000000107932744 method=java.util.LinkedList.linkFirst(Ljava/lang/Object;)V @ 22
Event: 3897.291 Thread 0x00007faad847e800 Uncommon trap: reason=unstable_if action=reinterpret pc=0x0000000108529e3c method=org.apache.jmeter.testelement.AbstractTestElement.isEnabled()Z @ 18
Event: 3897.304 Thread 0x00007faad847e800 Uncommon trap: reason=unstable_if action=reinterpret pc=0x0000000107e87c80 method=javax.swing.text.FieldView.adjustAllocation(Ljava/awt/Shape;)Ljava/awt/Shape; @ 171
Event: 3897.311 Thread 0x00007faad847e800 Uncommon trap: reason=unstable_if action=reinterpret pc=0x000000010860d59c method=org.apache.jmeter.gui.GUIFactory.getIcon(Ljava/lang/Class;Z)Ljavax/swing/ImageIcon; @ 6
Event: 3897.312 Thread 0x00007faad847e800 Uncommon trap: reason=unstable_if action=reinterpret pc=0x0000000107fbe248 method=org.apache.jmeter.gui.GUIFactory.getIcon(Ljava/lang/Class;Z)Ljavax/swing/ImageIcon; @ 6
Event: 3897.333 Thread 0x00007faad847e800 Uncommon trap: reason=unstable_if action=reinterpret pc=0x00000001077a4568 method=javax.swing.plaf.basic.BasicLabelUI.layout(Ljavax/swing/JLabel;Ljava/awt/FontMetrics;II)Ljava/lang/String; @ 17

Internal exceptions (10 events):
Event: 3088.056 Thread 0x00007faad847e800 Implicit null exception at 0x00000001069ed99b to 0x00000001069edd89
Event: 3088.120 Thread 0x00007faad847e800 Exception <a 'java/io/FileNotFoundException'> (0x0000000771d5b1f8) thrown at [/Users/java_re/workspace/8-2-build-macosx-x86_64/jdk8u112/7935/hotspot/src/share/vm/prims/jni.cpp, line 709]
Event: 3088.124 Thread 0x00007faad847e800 Implicit null exception at 0x0000000107beb390 to 0x0000000107beb3a1
Event: 3088.133 Thread 0x00007faad847e800 Implicit null exception at 0x0000000107e40192 to 0x0000000107e404e1
Event: 3127.914 Thread 0x00007faad847e800 Implicit null exception at 0x0000000108784d6e to 0x000000010878952d
Event: 3897.138 Thread 0x00007faad847e800 Implicit null exception at 0x0000000107ff112c to 0x0000000107ff1629
Event: 3897.224 Thread 0x00007faad847e800 Implicit null exception at 0x0000000106eed61f to 0x0000000106eed65c
Event: 3897.269 Thread 0x00007faad847e800 Exception <a 'java/io/FileNotFoundException'> (0x000000077f1eaf40) thrown at [/Users/java_re/workspace/8-2-build-macosx-x86_64/jdk8u112/7935/hotspot/src/share/vm/prims/jni.cpp, line 709]
Event: 3897.271 Thread 0x00007faad847e800 Exception <a 'java/io/FileNotFoundException'> (0x000000077f20a1b8) thrown at [/Users/java_re/workspace/8-2-build-macosx-x86_64/jdk8u112/7935/hotspot/src/share/vm/prims/jni.cpp, line 709]
Event: 3897.274 Thread 0x00007faad847e800 Exception <a 'java/io/FileNotFoundException'> (0x000000077f24e898) thrown at [/Users/java_re/workspace/8-2-build-macosx-x86_64/jdk8u112/7935/hotspot/src/share/vm/prims/jni.cpp, line 709]

Events (10 events):
Event: 3897.456 Executing VM operation: RevokeBias
Event: 3897.456 Executing VM operation: RevokeBias done
Event: 3897.457 Executing VM operation: RevokeBias
Event: 3897.457 Executing VM operation: RevokeBias done
Event: 3897.458 Executing VM operation: RevokeBias
Event: 3897.458 Executing VM operation: RevokeBias done
Event: 3897.458 Executing VM operation: RevokeBias
Event: 3897.459 Executing VM operation: RevokeBias done
Event: 3897.459 Executing VM operation: RevokeBias
Event: 3897.459 Executing VM operation: RevokeBias done


Dynamic libraries:
0x0000000007461000 	/System/Library/Frameworks/Cocoa.framework/Versions/A/Cocoa
0x0000000007461000 	/System/Library/Frameworks/Security.framework/Versions/A/Security
0x0000000007461000 	/System/Library/Frameworks/ApplicationServices.framework/Versions/A/ApplicationServices
0x0000000007461000 	/usr/lib/libz.1.dylib
0x0000000007461000 	/usr/lib/libSystem.B.dylib
0x0000000007461000 	/usr/lib/libobjc.A.dylib
0x0000000007461000 	/System/Library/Frameworks/CoreFoundation.framework/Versions/A/CoreFoundation
0x0000000007461000 	/System/Library/Frameworks/Foundation.framework/Versions/C/Foundation
0x0000000007461000 	/System/Library/Frameworks/AppKit.framework/Versions/C/AppKit
0x0000000007461000 	/System/Library/Frameworks/CoreData.framework/Versions/A/CoreData
0x0000000007461000 	/System/Library/PrivateFrameworks/RemoteViewServices.framework/Versions/A/RemoteViewServices
0x0000000007461000 	/System/Library/PrivateFrameworks/UIFoundation.framework/Versions/A/UIFoundation
0x0000000007461000 	/System/Library/PrivateFrameworks/DFRFoundation.framework/Versions/A/DFRFoundation
0x0000000007461000 	/System/Library/Frameworks/Metal.framework/Versions/A/Metal
0x0000000007461000 	/System/Library/PrivateFrameworks/DesktopServicesPriv.framework/Versions/A/DesktopServicesPriv
0x0000000007461000 	/usr/lib/libenergytrace.dylib
0x0000000007461000 	/System/Library/PrivateFrameworks/SkyLight.framework/Versions/A/SkyLight
0x0000000007461000 	/System/Library/Frameworks/CoreGraphics.framework/Versions/A/CoreGraphics
0x0000000007461000 	/usr/lib/libScreenReader.dylib
0x0000000007461000 	/System/Library/Frameworks/Accelerate.framework/Versions/A/Accelerate
0x0000000007461000 	/System/Library/Frameworks/IOSurface.framework/Versions/A/IOSurface
0x0000000007461000 	/System/Library/Frameworks/AudioToolbox.framework/Versions/A/AudioToolbox
0x0000000007461000 	/System/Library/Frameworks/AudioUnit.framework/Versions/A/AudioUnit
0x0000000007461000 	/System/Library/PrivateFrameworks/DataDetectorsCore.framework/Versions/A/DataDetectorsCore
0x0000000007461000 	/System/Library/Frameworks/Carbon.framework/Versions/A/Frameworks/HIToolbox.framework/Versions/A/HIToolbox
0x0000000007461000 	/usr/lib/libicucore.A.dylib
0x0000000007461000 	/System/Library/Frameworks/QuartzCore.framework/Versions/A/QuartzCore
0x0000000007461000 	/System/Library/PrivateFrameworks/SignpostNotification.framework/Versions/A/SignpostNotification
0x0000000007461000 	/System/Library/Frameworks/Carbon.framework/Versions/A/Frameworks/SpeechRecognition.framework/Versions/A/SpeechRecognition
0x0000000007461000 	/usr/lib/libauto.dylib
0x0000000007461000 	/usr/lib/libxml2.2.dylib
0x0000000007461000 	/System/Library/PrivateFrameworks/CoreUI.framework/Versions/A/CoreUI
0x0000000007461000 	/System/Library/Frameworks/CoreAudio.framework/Versions/A/CoreAudio
0x0000000007461000 	/System/Library/Frameworks/DiskArbitration.framework/Versions/A/DiskArbitration
0x0000000007461000 	/usr/lib/liblangid.dylib
0x0000000007461000 	/System/Library/PrivateFrameworks/MultitouchSupport.framework/Versions/A/MultitouchSupport
0x0000000007461000 	/System/Library/Frameworks/IOKit.framework/Versions/A/IOKit
0x0000000007461000 	/usr/lib/libDiagnosticMessagesClient.dylib
0x0000000007461000 	/System/Library/Frameworks/CoreServices.framework/Versions/A/CoreServices
0x0000000007461000 	/System/Library/PrivateFrameworks/PerformanceAnalysis.framework/Versions/A/PerformanceAnalysis
0x0000000007461000 	/System/Library/Frameworks/OpenGL.framework/Versions/A/OpenGL
0x0000000007461000 	/System/Library/Frameworks/ColorSync.framework/Versions/A/ColorSync
0x0000000007461000 	/System/Library/Frameworks/CoreImage.framework/Versions/A/CoreImage
0x0000000007461000 	/System/Library/Frameworks/CoreText.framework/Versions/A/CoreText
0x0000000007461000 	/System/Library/Frameworks/ImageIO.framework/Versions/A/ImageIO
0x0000000007461000 	/System/Library/PrivateFrameworks/Backup.framework/Versions/A/Backup
0x0000000007461000 	/usr/lib/libarchive.2.dylib
0x0000000007461000 	/System/Library/Frameworks/CFNetwork.framework/Versions/A/CFNetwork
0x0000000007461000 	/System/Library/Frameworks/SystemConfiguration.framework/Versions/A/SystemConfiguration
0x0000000007461000 	/usr/lib/libCRFSuite.dylib
0x0000000007461000 	/usr/lib/libc++.1.dylib
0x0000000007461000 	/usr/lib/libc++abi.dylib
0x0000000007461000 	/usr/lib/system/libcache.dylib
0x0000000007461000 	/usr/lib/system/libcommonCrypto.dylib
0x0000000007461000 	/usr/lib/system/libcompiler_rt.dylib
0x0000000007461000 	/usr/lib/system/libcopyfile.dylib
0x0000000007461000 	/usr/lib/system/libcorecrypto.dylib
0x0000000007461000 	/usr/lib/system/libdispatch.dylib
0x0000000007461000 	/usr/lib/system/libdyld.dylib
0x0000000007461000 	/usr/lib/system/libkeymgr.dylib
0x0000000007461000 	/usr/lib/system/liblaunch.dylib
0x0000000007461000 	/usr/lib/system/libmacho.dylib
0x0000000007461000 	/usr/lib/system/libquarantine.dylib
0x0000000007461000 	/usr/lib/system/libremovefile.dylib
0x0000000007461000 	/usr/lib/system/libsystem_asl.dylib
0x0000000007461000 	/usr/lib/system/libsystem_blocks.dylib
0x0000000007461000 	/usr/lib/system/libsystem_c.dylib
0x0000000007461000 	/usr/lib/system/libsystem_configuration.dylib
0x0000000007461000 	/usr/lib/system/libsystem_coreservices.dylib
0x0000000007461000 	/usr/lib/system/libsystem_darwin.dylib
0x0000000007461000 	/usr/lib/system/libsystem_dnssd.dylib
0x0000000007461000 	/usr/lib/system/libsystem_info.dylib
0x0000000007461000 	/usr/lib/system/libsystem_m.dylib
0x0000000007461000 	/usr/lib/system/libsystem_malloc.dylib
0x0000000007461000 	/usr/lib/system/libsystem_network.dylib
0x0000000007461000 	/usr/lib/system/libsystem_networkextension.dylib
0x0000000007461000 	/usr/lib/system/libsystem_notify.dylib
0x0000000007461000 	/usr/lib/system/libsystem_sandbox.dylib
0x0000000007461000 	/usr/lib/system/libsystem_secinit.dylib
0x0000000007461000 	/usr/lib/system/libsystem_kernel.dylib
0x0000000007461000 	/usr/lib/system/libsystem_platform.dylib
0x0000000007461000 	/usr/lib/system/libsystem_pthread.dylib
0x0000000007461000 	/usr/lib/system/libsystem_symptoms.dylib
0x0000000007461000 	/usr/lib/system/libsystem_trace.dylib
0x0000000007461000 	/usr/lib/system/libunwind.dylib
0x0000000007461000 	/usr/lib/system/libxpc.dylib
0x0000000007461000 	/usr/lib/closure/libclosured.dylib
0x0000000007461000 	/usr/lib/libbsm.0.dylib
0x0000000007461000 	/usr/lib/system/libkxld.dylib
0x0000000007461000 	/usr/lib/libOpenScriptingUtil.dylib
0x0000000007461000 	/usr/lib/libcoretls.dylib
0x0000000007461000 	/usr/lib/libcoretls_cfhelpers.dylib
0x0000000007461000 	/usr/lib/libpam.2.dylib
0x0000000007461000 	/usr/lib/libsqlite3.dylib
0x0000000007461000 	/usr/lib/libxar.1.dylib
0x0000000007461000 	/usr/lib/libbz2.1.0.dylib
0x0000000007461000 	/usr/lib/liblzma.5.dylib
0x0000000007461000 	/usr/lib/libnetwork.dylib
0x0000000007461000 	/usr/lib/libapple_nghttp2.dylib
0x0000000007461000 	/usr/lib/libpcap.A.dylib
0x0000000007461000 	/usr/lib/libboringssl.dylib
0x0000000007461000 	/usr/lib/libusrtcp.dylib
0x0000000007461000 	/usr/lib/libapple_crypto.dylib
0x0000000007461000 	/System/Library/Frameworks/CoreServices.framework/Versions/A/Frameworks/FSEvents.framework/Versions/A/FSEvents
0x0000000007461000 	/System/Library/Frameworks/CoreServices.framework/Versions/A/Frameworks/CarbonCore.framework/Versions/A/CarbonCore
0x0000000007461000 	/System/Library/Frameworks/CoreServices.framework/Versions/A/Frameworks/Metadata.framework/Versions/A/Metadata
0x0000000007461000 	/System/Library/Frameworks/CoreServices.framework/Versions/A/Frameworks/OSServices.framework/Versions/A/OSServices
0x0000000007461000 	/System/Library/Frameworks/CoreServices.framework/Versions/A/Frameworks/SearchKit.framework/Versions/A/SearchKit
0x0000000007461000 	/System/Library/Frameworks/CoreServices.framework/Versions/A/Frameworks/AE.framework/Versions/A/AE
0x0000000007461000 	/System/Library/Frameworks/CoreServices.framework/Versions/A/Frameworks/LaunchServices.framework/Versions/A/LaunchServices
0x0000000007461000 	/System/Library/Frameworks/CoreServices.framework/Versions/A/Frameworks/DictionaryServices.framework/Versions/A/DictionaryServices
0x0000000007461000 	/System/Library/Frameworks/CoreServices.framework/Versions/A/Frameworks/SharedFileList.framework/Versions/A/SharedFileList
0x0000000007461000 	/System/Library/Frameworks/NetFS.framework/Versions/A/NetFS
0x0000000007461000 	/System/Library/PrivateFrameworks/NetAuth.framework/Versions/A/NetAuth
0x0000000007461000 	/System/Library/PrivateFrameworks/login.framework/Versions/A/Frameworks/loginsupport.framework/Versions/A/loginsupport
0x0000000007461000 	/System/Library/PrivateFrameworks/TCC.framework/Versions/A/TCC
0x0000000007461000 	/usr/lib/libmecabra.dylib
0x0000000007461000 	/System/Library/Frameworks/ApplicationServices.framework/Versions/A/Frameworks/ATS.framework/Versions/A/ATS
0x0000000007461000 	/System/Library/Frameworks/ApplicationServices.framework/Versions/A/Frameworks/ColorSyncLegacy.framework/Versions/A/ColorSyncLegacy
0x0000000007461000 	/System/Library/Frameworks/ApplicationServices.framework/Versions/A/Frameworks/HIServices.framework/Versions/A/HIServices
0x0000000007461000 	/System/Library/Frameworks/ApplicationServices.framework/Versions/A/Frameworks/LangAnalysis.framework/Versions/A/LangAnalysis
0x0000000007461000 	/System/Library/Frameworks/ApplicationServices.framework/Versions/A/Frameworks/PrintCore.framework/Versions/A/PrintCore
0x0000000007461000 	/System/Library/Frameworks/ApplicationServices.framework/Versions/A/Frameworks/QD.framework/Versions/A/QD
0x0000000007461000 	/System/Library/Frameworks/ApplicationServices.framework/Versions/A/Frameworks/SpeechSynthesis.framework/Versions/A/SpeechSynthesis
0x0000000007461000 	/System/Library/Frameworks/CoreDisplay.framework/Versions/A/CoreDisplay
0x0000000007461000 	/System/Library/Frameworks/Accelerate.framework/Versions/A/Frameworks/vImage.framework/Versions/A/vImage
0x0000000007461000 	/System/Library/Frameworks/Accelerate.framework/Versions/A/Frameworks/vecLib.framework/Versions/A/vecLib
0x0000000007461000 	/System/Library/Frameworks/Accelerate.framework/Versions/A/Frameworks/vecLib.framework/Versions/A/libvDSP.dylib
0x0000000007461000 	/System/Library/Frameworks/Accelerate.framework/Versions/A/Frameworks/vecLib.framework/Versions/A/libBNNS.dylib
0x0000000007461000 	/System/Library/Frameworks/Accelerate.framework/Versions/A/Frameworks/vecLib.framework/Versions/A/libQuadrature.dylib
0x0000000007461000 	/System/Library/Frameworks/Accelerate.framework/Versions/A/Frameworks/vecLib.framework/Versions/A/libvMisc.dylib
0x0000000007461000 	/System/Library/Frameworks/Accelerate.framework/Versions/A/Frameworks/vecLib.framework/Versions/A/libLAPACK.dylib
0x0000000007461000 	/System/Library/Frameworks/Accelerate.framework/Versions/A/Frameworks/vecLib.framework/Versions/A/libBLAS.dylib
0x0000000007461000 	/System/Library/Frameworks/Accelerate.framework/Versions/A/Frameworks/vecLib.framework/Versions/A/libLinearAlgebra.dylib
0x0000000007461000 	/System/Library/Frameworks/Accelerate.framework/Versions/A/Frameworks/vecLib.framework/Versions/A/libSparse.dylib
0x0000000007461000 	/System/Library/Frameworks/Accelerate.framework/Versions/A/Frameworks/vecLib.framework/Versions/A/libSparseBLAS.dylib
0x0000000007461000 	/System/Library/PrivateFrameworks/GPUWrangler.framework/Versions/A/GPUWrangler
0x0000000007461000 	/System/Library/PrivateFrameworks/IOAccelerator.framework/Versions/A/IOAccelerator
0x0000000007461000 	/System/Library/PrivateFrameworks/IOPresentment.framework/Versions/A/IOPresentment
0x0000000007461000 	/System/Library/PrivateFrameworks/DSExternalDisplay.framework/Versions/A/DSExternalDisplay
0x0000000007461000 	/System/Library/Frameworks/OpenGL.framework/Versions/A/Libraries/libCoreFSCache.dylib
0x0000000007461000 	/System/Library/Frameworks/CoreVideo.framework/Versions/A/CoreVideo
0x0000000007461000 	/System/Library/PrivateFrameworks/GraphVisualizer.framework/Versions/A/GraphVisualizer
0x0000000007461000 	/System/Library/Frameworks/MetalPerformanceShaders.framework/Versions/A/MetalPerformanceShaders
0x0000000007461000 	/usr/lib/libFosl_dynamic.dylib
0x0000000007461000 	/System/Library/PrivateFrameworks/FaceCore.framework/Versions/A/FaceCore
0x0000000007461000 	/System/Library/Frameworks/OpenCL.framework/Versions/A/OpenCL
0x0000000007461000 	/usr/lib/libcompression.dylib
0x0000000007461000 	/System/Library/Frameworks/ApplicationServices.framework/Versions/A/Frameworks/ATS.framework/Versions/A/Resources/libFontParser.dylib
0x0000000007461000 	/System/Library/Frameworks/ApplicationServices.framework/Versions/A/Frameworks/ATS.framework/Versions/A/Resources/libFontRegistry.dylib
0x0000000007461000 	/System/Library/Frameworks/ImageIO.framework/Versions/A/Resources/libJPEG.dylib
0x0000000007461000 	/System/Library/Frameworks/ImageIO.framework/Versions/A/Resources/libTIFF.dylib
0x0000000007461000 	/System/Library/Frameworks/ImageIO.framework/Versions/A/Resources/libPng.dylib
0x0000000007461000 	/System/Library/Frameworks/ImageIO.framework/Versions/A/Resources/libGIF.dylib
0x0000000007461000 	/System/Library/Frameworks/ImageIO.framework/Versions/A/Resources/libJP2.dylib
0x0000000007461000 	/System/Library/Frameworks/ImageIO.framework/Versions/A/Resources/libRadiance.dylib
0x0000000007461000 	/System/Library/PrivateFrameworks/AppleJPEG.framework/Versions/A/AppleJPEG
0x0000000007461000 	/System/Library/Frameworks/MetalPerformanceShaders.framework/Frameworks/MPSCore.framework/Versions/A/MPSCore
0x0000000007461000 	/System/Library/Frameworks/MetalPerformanceShaders.framework/Frameworks/MPSImage.framework/Versions/A/MPSImage
0x0000000007461000 	/System/Library/Frameworks/MetalPerformanceShaders.framework/Frameworks/MPSNeuralNetwork.framework/Versions/A/MPSNeuralNetwork
0x0000000007461000 	/System/Library/Frameworks/MetalPerformanceShaders.framework/Frameworks/MPSMatrix.framework/Versions/A/MPSMatrix
0x0000000007461000 	/System/Library/PrivateFrameworks/MetalTools.framework/Versions/A/MetalTools
0x0000000007461000 	/System/Library/Frameworks/OpenGL.framework/Versions/A/Libraries/libGLU.dylib
0x0000000007461000 	/System/Library/Frameworks/OpenGL.framework/Versions/A/Libraries/libGFXShared.dylib
0x0000000007461000 	/System/Library/Frameworks/OpenGL.framework/Versions/A/Libraries/libGL.dylib
0x0000000007461000 	/System/Library/Frameworks/OpenGL.framework/Versions/A/Libraries/libGLImage.dylib
0x0000000007461000 	/System/Library/Frameworks/OpenGL.framework/Versions/A/Libraries/libCVMSPluginSupport.dylib
0x0000000007461000 	/System/Library/Frameworks/OpenGL.framework/Versions/A/Libraries/libCoreVMClient.dylib
0x0000000007461000 	/usr/lib/libcups.2.dylib
0x0000000007461000 	/System/Library/Frameworks/Kerberos.framework/Versions/A/Kerberos
0x0000000007461000 	/System/Library/Frameworks/GSS.framework/Versions/A/GSS
0x0000000007461000 	/usr/lib/libresolv.9.dylib
0x0000000007461000 	/usr/lib/libiconv.2.dylib
0x0000000007461000 	/System/Library/PrivateFrameworks/Heimdal.framework/Versions/A/Heimdal
0x0000000007461000 	/usr/lib/libheimdal-asn1.dylib
0x0000000007461000 	/System/Library/Frameworks/OpenDirectory.framework/Versions/A/OpenDirectory
0x0000000007461000 	/System/Library/PrivateFrameworks/CommonAuth.framework/Versions/A/CommonAuth
0x0000000007461000 	/System/Library/Frameworks/OpenDirectory.framework/Versions/A/Frameworks/CFOpenDirectory.framework/Versions/A/CFOpenDirectory
0x0000000007461000 	/System/Library/Frameworks/SecurityFoundation.framework/Versions/A/SecurityFoundation
0x0000000007461000 	/System/Library/PrivateFrameworks/APFS.framework/Versions/A/APFS
0x0000000007461000 	/usr/lib/libutil.dylib
0x0000000007461000 	/System/Library/PrivateFrameworks/AppleSauce.framework/Versions/A/AppleSauce
0x0000000007461000 	/System/Library/PrivateFrameworks/LinguisticData.framework/Versions/A/LinguisticData
0x0000000007461000 	/usr/lib/libmarisa.dylib
0x0000000007461000 	/System/Library/PrivateFrameworks/Lexicon.framework/Versions/A/Lexicon
0x0000000007461000 	/usr/lib/libChineseTokenizer.dylib
0x0000000007461000 	/usr/lib/libcmph.dylib
0x0000000007461000 	/System/Library/PrivateFrameworks/LanguageModeling.framework/Versions/A/LanguageModeling
0x0000000007461000 	/System/Library/PrivateFrameworks/CoreEmoji.framework/Versions/A/CoreEmoji
0x0000000007461000 	/System/Library/Frameworks/ServiceManagement.framework/Versions/A/ServiceManagement
0x0000000007461000 	/System/Library/PrivateFrameworks/BackgroundTaskManagement.framework/Versions/A/BackgroundTaskManagement
0x0000000007461000 	/usr/lib/libxslt.1.dylib
0x0000000007461000 	/System/Library/Frameworks/Carbon.framework/Versions/A/Frameworks/Ink.framework/Versions/A/Ink
0x0000000007461000 	/System/Library/PrivateFrameworks/TextureIO.framework/Versions/A/TextureIO
0x0000000007461000 	/usr/lib/libate.dylib
0x0000000007461000 	/System/Library/PrivateFrameworks/CrashReporterSupport.framework/Versions/A/CrashReporterSupport
0x0000000007461000 	/System/Library/PrivateFrameworks/Sharing.framework/Versions/A/Sharing
0x0000000007461000 	/System/Library/PrivateFrameworks/IconServices.framework/Versions/A/IconServices
0x0000000007461000 	/System/Library/PrivateFrameworks/AuthKit.framework/Versions/A/AuthKit
0x0000000007461000 	/System/Library/PrivateFrameworks/Apple80211.framework/Versions/A/Apple80211
0x0000000007461000 	/System/Library/PrivateFrameworks/CoreUtils.framework/Versions/A/CoreUtils
0x0000000007461000 	/System/Library/Frameworks/CoreWLAN.framework/Versions/A/CoreWLAN
0x0000000007461000 	/System/Library/Frameworks/IOBluetooth.framework/Versions/A/IOBluetooth
0x0000000007461000 	/System/Library/PrivateFrameworks/ProtocolBuffer.framework/Versions/A/ProtocolBuffer
0x0000000007461000 	/System/Library/PrivateFrameworks/MobileKeyBag.framework/Versions/A/MobileKeyBag
0x0000000007461000 	/System/Library/PrivateFrameworks/CorePhoneNumbers.framework/Versions/A/CorePhoneNumbers
0x0000000007461000 	/System/Library/PrivateFrameworks/AppleIDAuthSupport.framework/Versions/A/AppleIDAuthSupport
0x0000000007461000 	/System/Library/PrivateFrameworks/KeychainCircle.framework/Versions/A/KeychainCircle
0x0000000007461000 	/System/Library/PrivateFrameworks/CoreWiFi.framework/Versions/A/CoreWiFi
0x0000000007461000 	/System/Library/Frameworks/CoreBluetooth.framework/Versions/A/CoreBluetooth
0x0000000007461000 	/System/Library/PrivateFrameworks/DebugSymbols.framework/Versions/A/DebugSymbols
0x0000000007461000 	/System/Library/PrivateFrameworks/CoreSymbolication.framework/Versions/A/CoreSymbolication
0x0000000007461000 	/System/Library/PrivateFrameworks/Symbolication.framework/Versions/A/Symbolication
0x0000000007461000 	/System/Library/PrivateFrameworks/AppleFSCompression.framework/Versions/A/AppleFSCompression
0x0000000007461000 	/System/Library/PrivateFrameworks/SpeechRecognitionCore.framework/Versions/A/SpeechRecognitionCore
0x000000010587d000 	/Library/Java/JavaVirtualMachines/jdk1.8.0_112.jdk/Contents/Home/jre/lib/server/libjvm.dylib
0x0000000007461000 	/usr/lib/libstdc++.6.0.9.dylib
0x000000010401c000 	/Library/Java/JavaVirtualMachines/jdk1.8.0_112.jdk/Contents/Home/jre/lib/libverify.dylib
0x000000010402a000 	/Library/Java/JavaVirtualMachines/jdk1.8.0_112.jdk/Contents/Home/jre/lib/libjava.dylib
0x0000000104068000 	/Library/Java/JavaVirtualMachines/jdk1.8.0_112.jdk/Contents/Home/jre/lib/libzip.dylib
0x0000000007461000 	/System/Library/Frameworks/JavaVM.framework/Versions/A/Frameworks/JavaRuntimeSupport.framework/Versions/A/JavaRuntimeSupport
0x0000000007461000 	/System/Library/Frameworks/JavaVM.framework/Versions/A/Frameworks/JavaNativeFoundation.framework/Versions/A/JavaNativeFoundation
0x0000000007461000 	/System/Library/Frameworks/JavaVM.framework/Versions/A/JavaVM
0x0000000007461000 	/System/Library/Frameworks/Carbon.framework/Versions/A/Carbon
0x0000000007461000 	/System/Library/PrivateFrameworks/JavaLaunching.framework/Versions/A/JavaLaunching
0x0000000007461000 	/System/Library/Frameworks/Carbon.framework/Versions/A/Frameworks/CommonPanels.framework/Versions/A/CommonPanels
0x0000000007461000 	/System/Library/Frameworks/Carbon.framework/Versions/A/Frameworks/Help.framework/Versions/A/Help
0x0000000007461000 	/System/Library/Frameworks/Carbon.framework/Versions/A/Frameworks/ImageCapture.framework/Versions/A/ImageCapture
0x0000000007461000 	/System/Library/Frameworks/Carbon.framework/Versions/A/Frameworks/OpenScripting.framework/Versions/A/OpenScripting
0x0000000007461000 	/System/Library/Frameworks/Carbon.framework/Versions/A/Frameworks/Print.framework/Versions/A/Print
0x0000000007461000 	/System/Library/Frameworks/Carbon.framework/Versions/A/Frameworks/SecurityHI.framework/Versions/A/SecurityHI
0x0000000122fe4000 	/Library/Java/JavaVirtualMachines/jdk1.8.0_112.jdk/Contents/Home/jre/lib/libmanagement.dylib
0x00000001231f2000 	/Library/Java/JavaVirtualMachines/jdk1.8.0_112.jdk/Contents/Home/jre/lib/libnet.dylib
0x00000001232fe000 	/Library/Java/JavaVirtualMachines/jdk1.8.0_112.jdk/Contents/Home/jre/lib/libnio.dylib
0x000000012350e000 	/Library/Java/JavaVirtualMachines/jdk1.8.0_112.jdk/Contents/Home/jre/lib/libosx.dylib
0x000000012351c000 	/Library/Java/JavaVirtualMachines/jdk1.8.0_112.jdk/Contents/Home/jre/lib/./libosxapp.dylib
0x0000000007461000 	/System/Library/Frameworks/ExceptionHandling.framework/Versions/A/ExceptionHandling
0x000000012355e000 	/Library/Java/JavaVirtualMachines/jdk1.8.0_112.jdk/Contents/Home/jre/lib/libawt.dylib
0x0000000123606000 	/Library/Java/JavaVirtualMachines/jdk1.8.0_112.jdk/Contents/Home/jre/lib/./libmlib_image.dylib
0x00000001236d2000 	/Library/Java/JavaVirtualMachines/jdk1.8.0_112.jdk/Contents/Home/jre/lib/libawt_lwawt.dylib
0x0000000007461000 	/System/Library/PrivateFrameworks/CoreServicesInternal.framework/Versions/A/CoreServicesInternal
0x0000000007461000 	/System/Library/CoreServices/RawCamera.bundle/Contents/MacOS/RawCamera
0x0000000007461000 	/System/Library/PrivateFrameworks/MobileAsset.framework/Versions/A/MobileAsset
0x0000000007461000 	/System/Library/PrivateFrameworks/StreamingZip.framework/Versions/A/StreamingZip
0x0000000007461000 	/System/Library/Frameworks/MediaToolbox.framework/Versions/A/MediaToolbox
0x0000000007461000 	/System/Library/PrivateFrameworks/CoreAVCHD.framework/Versions/A/CoreAVCHD
0x0000000007461000 	/System/Library/Frameworks/MediaAccessibility.framework/Versions/A/MediaAccessibility
0x0000000007461000 	/System/Library/PrivateFrameworks/Mangrove.framework/Versions/A/Mangrove
0x0000000007461000 	/System/Library/Frameworks/CoreMedia.framework/Versions/A/CoreMedia
0x0000000007461000 	/System/Library/Frameworks/VideoToolbox.framework/Versions/A/VideoToolbox
0x0000000007461000 	/System/Library/PrivateFrameworks/CoreAUC.framework/Versions/A/CoreAUC
0x0000000007461000 	/usr/lib/libspindump.dylib
0x0000000007461000 	/System/Library/PrivateFrameworks/AppleVA.framework/Versions/A/AppleVA
0x0000000007461000 	/System/Library/Frameworks/Accelerate.framework/Versions/A/Frameworks/vImage.framework/Versions/A/Libraries/libCGInterfaces.dylib
0x0000000007461000 	/System/Library/Frameworks/ApplicationServices.framework/Versions/A/Frameworks/ATS.framework/Versions/A/Resources/libTrueTypeScaler.dylib
0x0000000007461000 	/System/Library/Extensions/AppleIntelHD5000GraphicsMTLDriver.bundle/Contents/MacOS/AppleIntelHD5000GraphicsMTLDriver
0x0000000125ed7000 	/System/Library/Extensions/AMDMTLBronzeDriver.bundle/Contents/MacOS/AMDMTLBronzeDriver
0x0000000007461000 	/System/Library/PrivateFrameworks/IOAccelMemoryInfo.framework/Versions/A/IOAccelMemoryInfo
0x0000000007461000 	/System/Library/PrivateFrameworks/GPUCompiler.framework/Versions/3802/Libraries/libmetal_timestamp.dylib
0x0000000007461000 	/System/Library/PrivateFrameworks/FamilyControls.framework/Versions/A/FamilyControls
0x0000000007461000 	/System/Library/PrivateFrameworks/CommerceKit.framework/Versions/A/Frameworks/CommerceCore.framework/Versions/A/CommerceCore
0x0000000007461000 	/System/Library/PrivateFrameworks/SystemAdministration.framework/Versions/A/SystemAdministration
0x0000000007461000 	/System/Library/PrivateFrameworks/AppContainer.framework/Versions/A/AppContainer
0x0000000007461000 	/System/Library/PrivateFrameworks/SecCodeWrapper.framework/Versions/A/SecCodeWrapper
0x0000000007461000 	/System/Library/PrivateFrameworks/DiskManagement.framework/Versions/A/DiskManagement
0x0000000007461000 	/System/Library/Frameworks/DirectoryService.framework/Versions/A/DirectoryService
0x0000000007461000 	/System/Library/PrivateFrameworks/DiskImages.framework/Versions/A/DiskImages
0x0000000007461000 	/System/Library/PrivateFrameworks/LoginUIKit.framework/Versions/A/Frameworks/LoginUICore.framework/Versions/A/LoginUICore
0x0000000007461000 	/usr/lib/libCoreStorage.dylib
0x0000000007461000 	/usr/lib/libcsfde.dylib
0x0000000007461000 	/usr/lib/libodfde.dylib
0x0000000007461000 	/System/Library/PrivateFrameworks/MediaKit.framework/Versions/A/MediaKit
0x0000000007461000 	/System/Library/Frameworks/DiscRecording.framework/Versions/A/DiscRecording
0x0000000007461000 	/System/Library/PrivateFrameworks/EFILogin.framework/Versions/A/EFILogin
0x0000000007461000 	/System/Library/PrivateFrameworks/ProtectedCloudStorage.framework/Versions/A/ProtectedCloudStorage
0x0000000007461000 	/usr/lib/libcurl.4.dylib
0x0000000007461000 	/usr/lib/libcrypto.35.dylib
0x0000000007461000 	/usr/lib/libssl.35.dylib
0x0000000007461000 	/System/Library/Frameworks/LDAP.framework/Versions/A/LDAP
0x0000000007461000 	/System/Library/PrivateFrameworks/TrustEvaluationAgent.framework/Versions/A/TrustEvaluationAgent
0x0000000007461000 	/usr/lib/libsasl2.2.dylib
0x0000000007461000 	/System/Library/PrivateFrameworks/CoreDaemon.framework/Versions/B/CoreDaemon
0x0000000007461000 	/System/Library/PrivateFrameworks/AppleSRP.framework/Versions/A/AppleSRP
0x0000000007461000 	/System/Library/Frameworks/OpenGL.framework/Versions/A/Resources/GLEngine.bundle/GLEngine
0x0000000007461000 	/System/Library/Frameworks/OpenGL.framework/Versions/A/Libraries/libGLProgrammability.dylib
0x00000001266e5000 	/System/Library/Extensions/AppleIntelHD5000GraphicsGLDriver.bundle/Contents/MacOS/AppleIntelHD5000GraphicsGLDriver
0x0000000007461000 	/System/Library/PrivateFrameworks/GPUSupport.framework/Versions/A/Libraries/libGPUSupportMercury.dylib
0x0000000126e4d000 	/System/Library/Extensions/AMDRadeonX4000GLDriver.bundle/Contents/MacOS/AMDRadeonX4000GLDriver
0x0000000007461000 	/System/Library/Extensions/AMDRadeonX4000GLDriver.bundle/Contents/MacOS/ATIRadeonX4000SCLib.dylib
0x0000000007461000 	/System/Library/Frameworks/OpenGL.framework/Versions/A/Resources/GLRendererFloat.bundle/GLRendererFloat
0x0000000007461000 	/System/Library/Frameworks/OpenCL.framework/Versions/A/Libraries/libcldcpuengine.dylib
0x0000000127087000 	/Library/Java/JavaVirtualMachines/jdk1.8.0_112.jdk/Contents/Home/jre/lib/libfontmanager.dylib
0x00000001270ee000 	/Library/Java/JavaVirtualMachines/jdk1.8.0_112.jdk/Contents/Home/jre/lib/libosxui.dylib
0x0000000007461000 	/System/Library/PrivateFrameworks/ViewBridge.framework/Versions/A/ViewBridge
0x0000000125db2000 	/Library/Java/JavaVirtualMachines/jdk1.8.0_112.jdk/Contents/Home/jre/lib/libsunec.dylib
0x0000000122ec6000 	/Library/Java/JavaVirtualMachines/jdk1.8.0_112.jdk/Contents/Home/jre/lib/libdcpr.dylib
0x0000000007461000 	/System/Library/PrivateFrameworks/CloudDocs.framework/Versions/A/CloudDocs
0x0000000007461000 	/System/Library/PrivateFrameworks/FileProvider.framework/Versions/A/FileProvider
0x0000000007461000 	/System/Library/PrivateFrameworks/SpotlightIndex.framework/Versions/A/SpotlightIndex
0x0000000007461000 	/System/Library/PrivateFrameworks/SymptomDiagnosticReporter.framework/Versions/A/SymptomDiagnosticReporter
0x0000000007461000 	/System/Library/PrivateFrameworks/GenerationalStorage.framework/Versions/A/GenerationalStorage
0x0000000007461000 	/System/Library/PrivateFrameworks/ChunkingLibrary.framework/Versions/A/ChunkingLibrary
0x0000000007461000 	/System/Library/PrivateFrameworks/CoreNLP.framework/Versions/A/CoreNLP
0x0000000007461000 	/usr/lib/libmecab.1.0.0.dylib
0x0000000007461000 	/usr/lib/libgermantok.dylib
0x0000000007461000 	/usr/lib/libThaiTokenizer.dylib
0x0000000007461000 	/System/Library/PrivateFrameworks/login.framework/Versions/A/login
0x0000000007461000 	/System/Library/PrivateFrameworks/Shortcut.framework/Versions/A/Shortcut
0x0000000007461000 	/System/Library/PrivateFrameworks/HelpData.framework/Versions/A/HelpData

VM Arguments:
jvm_args: -Dapple.laf.useScreenMenuBar=true -Dapple.eawt.quitStrategy=CLOSE_ALL_WINDOWS 
java_command: ./apache-jmeter-5.0/bin/ApacheJMeter.jar
java_class_path (initial): ./apache-jmeter-5.0/bin/ApacheJMeter.jar
Launcher Type: SUN_STANDARD

Environment Variables:
JAVA_HOME=/Users/kmarszalek/.jenv/versions/1.8
PATH=/Users/kmarszalek/.jenv/shims:/Users/kmarszalek/.jenv/bin:/usr/local/bin:/usr/bin:/bin:/usr/sbin:/sbin:/Users/kmarszalek/code/atlassian-scripts/bin
SHELL=/bin/zsh

Signal Handlers:
SIGSEGV: [libjvm.dylib+0x5b11a5], sa_mask[0]=11111111011111110111111111111111, sa_flags=SA_ONSTACK|SA_RESTART|SA_SIGINFO
SIGBUS: [libjvm.dylib+0x5b11a5], sa_mask[0]=11111111011111110111111111111111, sa_flags=SA_RESTART|SA_SIGINFO
SIGFPE: [libjvm.dylib+0x487dc0], sa_mask[0]=11111111011111110111111111111111, sa_flags=SA_RESTART|SA_SIGINFO
SIGPIPE: [libjvm.dylib+0x487dc0], sa_mask[0]=11111111011111110111111111111111, sa_flags=SA_RESTART|SA_SIGINFO
SIGXFSZ: [libjvm.dylib+0x487dc0], sa_mask[0]=11111111011111110111111111111111, sa_flags=SA_RESTART|SA_SIGINFO
SIGILL: [libjvm.dylib+0x487dc0], sa_mask[0]=11111111011111110111111111111111, sa_flags=SA_RESTART|SA_SIGINFO
SIGUSR1: SIG_DFL, sa_mask[0]=00000000000000000000000000000000, sa_flags=SA_RESTART
SIGUSR2: [libjvm.dylib+0x4878de], sa_mask[0]=00000000000000000000000000000000, sa_flags=SA_RESTART|SA_SIGINFO
SIGHUP: [libjvm.dylib+0x485eb5], sa_mask[0]=11111111011111110111111111111111, sa_flags=SA_RESTART|SA_SIGINFO
SIGINT: [libjvm.dylib+0x485eb5], sa_mask[0]=11111111011111110111111111111111, sa_flags=SA_RESTART|SA_SIGINFO
SIGTERM: [libjvm.dylib+0x485eb5], sa_mask[0]=11111111011111110111111111111111, sa_flags=SA_RESTART|SA_SIGINFO
SIGQUIT: [libjvm.dylib+0x485eb5], sa_mask[0]=11111111011111110111111111111111, sa_flags=SA_RESTART|SA_SIGINFO


---------------  S Y S T E M  ---------------

OS:Bsduname:Darwin 17.7.0 Darwin Kernel Version 17.7.0: Thu Jun 21 22:53:14 PDT 2018; root:xnu-4570.71.2~1/RELEASE_X86_64 x86_64
rlimit: STACK 8192k, CORE 0k, NPROC 1418, NOFILE 10240, AS infinity
load average:2.59 2.70 2.58

CPU:total 8 (4 cores per cpu, 2 threads per core) family 6 model 70 stepping 1, cmov, cx8, fxsr, mmx, sse, sse2, sse3, ssse3, sse4.1, sse4.2, popcnt, avx, avx2, aes, clmul, erms, lzcnt, ht, tsc, tscinvbit, bmi1, bmi2

Memory: 4k page, physical 16777216k(21436k free)

/proc/meminfo:


vm_info: Java HotSpot(TM) 64-Bit Server VM (25.112-b16) for bsd-amd64 JRE (1.8.0_112-b16), built on Sep 30 2016 22:41:41 by "java_re" with gcc 4.2.1 (Based on Apple Inc. build 5658) (LLVM build 2336.11.00)

time: Tue Oct 16 15:28:11 2018
elapsed time: 3897 seconds (0d 1h 4m 57s)

